[14:46:01] [main/INFO]: Setting user: SuperZanti
[14:46:03] [Client thread/INFO]: LWJGL Version: 2.9.1
[14:46:26] [Client thread/INFO]: Reloading ResourceManager: Default, FMLFileResourcePack:Forge Mod Loader, FMLFileResourcePack:Minecraft Forge, FMLFileResourcePack:Not Enough Items, FMLFileResourcePack:Advanced Solar Panels, FMLFileResourcePack:Another One Bites The Dust, FMLFileResourcePack:Applied Energistics 2, FMLFileResourcePack:BD Lib, FMLFileResourcePack:BiblioCraft, FMLFileResourcePack:BiblioWoods Biomes O'Plenty Edition, FMLFileResourcePack:BiblioWoods Forestry Edition, FMLFileResourcePack:BiblioWoods Natura Edition, FMLFileResourcePack:Big Reactors, FMLFileResourcePack:Botany, FMLFileResourcePack:Binnie Core, FMLFileResourcePack:Extra Bees, FMLFileResourcePack:Extra Trees, FMLFileResourcePack:Genetics, FMLFileResourcePack:Biomes O' Plenty, FMLFileResourcePack:Blood Magic: Alchemical Wizardry, FMLFileResourcePack:Botania, FMLFileResourcePack:BC Builders, FMLFileResourcePack:BC Transport, FMLFileResourcePack:BC Energy, FMLFileResourcePack:BC Silicon, FMLFileResourcePack:BC Robotics, FMLFileResourcePack:BuildCraft, FMLFileResourcePack:BC Factory, FMLFileResourcePack:BuildCraft Compat, FMLFileResourcePack:Carpenter's Blocks, FMLFileResourcePack:ChickenChunks, FMLFileResourcePack:Chisel, FMLFileResourcePack:CoFH Core, FMLFileResourcePack:Compact Solar Arrays, FMLFileResourcePack:Custom Main Menu, FMLFileResourcePack:debug, FMLFileResourcePack:Dense Ores, FMLFileResourcePack:EnderCore, FMLFileResourcePack:Ender IO, FMLFileResourcePack:EnderStorage, FMLFileResourcePack:EnderTech, FMLFileResourcePack:Ender Zoo, FMLFileResourcePack:Extra Utilities, FMLFileResourcePack:Factorization Miscellaneous Nonsense, FMLFileResourcePack:Factorization Notification System, FMLFileResourcePack:Factorization Dimensional Slices, FMLFileResourcePack:Factorization, FMLFileResourcePack:FastCraft, FMLFileResourcePack:Flat Signs, FMLFileResourcePack:Forbidden Magic, FMLFileResourcePack:Forestry for Minecraft, FMLFileResourcePack:FTBLib, FMLFileResourcePack:FTBUtilities, FMLFileResourcePack:Funky Locomotion, FMLFileResourcePack:GenDustry, FMLFileResourcePack:Guide-API, FMLFileResourcePack:Hats, FMLFileResourcePack:HatStand, FMLFileResourcePack:HelpFixer, FMLFileResourcePack:Nuclear Control 2, FMLFileResourcePack:iChunUtil, FMLFileResourcePack:In-Game wiki Mod, FMLFileResourcePack:IndustrialCraft 2, FMLFileResourcePack:INpureCore, FMLFileResourcePack:Inventory Tweaks, FMLFileResourcePack:Iron Chest, FMLFileResourcePack:JABBA, FMLFileResourcePack:JourneyMap, FMLFileResourcePack:Logistics Pipes, FMLFileResourcePack:Magic Bees, FMLFileResourcePack:Mantle, FMLFileResourcePack:MineFactory Reloaded, FMLFileResourcePack:MFR Compat: Applied Energistics, FMLFileResourcePack:MFR Compat: BuildCraft, FMLFileResourcePack:MFR Compat: Forestry, FMLFileResourcePack:MFR Compat: ForgeMicroblock, FMLFileResourcePack:MFR Compat: IC2, FMLFileResourcePack:MFR Compat ProjectRed, FMLFileResourcePack:MFR Compat: Railcraft, FMLFileResourcePack:MFR Compat: Thaumcraft, FMLFileResourcePack:MFR Compat: Thermal Expansion, FMLFileResourcePack:MFR Compat: Tinkers' Construct, FMLFileResourcePack:MFR Compat: TwilightForest, FMLFileResourcePack:MFR Compat: Vanilla, FMLFileResourcePack:MineTweaker 3, FMLFileResourcePack:Morpheus, FMLFileResourcePack:Mystcraft, FMLFileResourcePack:Natura, FMLFileResourcePack:NEI Addons, FMLFileResourcePack:NEI Addons: Developer Tools, FMLFileResourcePack:NEI Addons: Applied Energistics 2, FMLFileResourcePack:NEI Addons: Botany, FMLFileResourcePack:NEI Addons: Forestry, FMLFileResourcePack:NEI Addons: Crafting Tables, FMLFileResourcePack:NEI Addons: Ex Nihilo, FMLFileResourcePack:NEI Integration, FMLFileResourcePack:Nether Ores, FMLFileResourcePack:NotEnoughCodecs, FMLFileResourcePack:NotEnoughKeys, FMLFileResourcePack:ObsidiPlates, FMLFileResourcePack:OpenBlocks, FMLFileResourcePack:OpenMods, FMLFileResourcePack:OpenPeripheralAddons, FMLFileResourcePack:OpenPeripheralCore, FMLFileResourcePack:OpenPeripheralIntegration, FMLFileResourcePack:Pam's HarvestCraft, FMLFileResourcePack:PneumaticCraft, FMLFileResourcePack:PortalGun, FMLFileResourcePack:ProjectRed Core, FMLFileResourcePack:ProjectRed Compatibility, FMLFileResourcePack:ProjectRed Integration, FMLFileResourcePack:ProjectRed Transmission, FMLFileResourcePack:ProjectRed Illumination, FMLFileResourcePack:ProjectRed Exploration, FMLFileResourcePack:Railcraft, FMLFileResourcePack:Redstone Arsenal, FMLFileResourcePack:Resource Loader, FMLFileResourcePack:Runic Dungeons, FMLFileResourcePack:Server Sync, FMLFileResourcePack:Solar Expansion, FMLFileResourcePack:Steve's Carts 2, FMLFileResourcePack:Steve's Factory Manager, FMLFileResourcePack:Tinkers' Construct, FMLFileResourcePack:Thaumcraft, FMLFileResourcePack:Thaumic Exploration, FMLFileResourcePack:Thaumic Tinkerer, FMLFileResourcePack:Thermal Dynamics, FMLFileResourcePack:Thermal Expansion, FMLFileResourcePack:Thermal Foundation, FMLFileResourcePack:TiC Tooltips, FMLFileResourcePack:Tinkers' Mechworks, FMLFileResourcePack:Translocator, FMLFileResourcePack:The Twilight Forest, FMLFileResourcePack:Waila, FMLFileResourcePack:Waila Harvestability, FMLFileResourcePack:Witchery, FMLFileResourcePack:WR-CBE Core, FMLFileResourcePack:WR-CBE Addons, FMLFileResourcePack:WR-CBE Logic, FMLFileResourcePack:Baubles, FMLFileResourcePack:Forge Microblocks, FMLFileResourcePack:Forge Multipart, FMLFileResourcePack:Minecraft Multipart Plugin, FMLFileResourcePack:MrTJPCore
[14:46:26] [Client thread/WARN]: ResourcePack: ignored non-lowercase namespace: alchemicalwizardryBooks in C:\Users\sethm\Documents\TheVerse\data\.minecraft\mods\BloodMagic-1.7.10-1.3.3-17.jar
[14:46:26] [Client thread/WARN]: ResourcePack: ignored non-lowercase namespace: alchemicalwizardryBooks in C:\Users\sethm\Documents\TheVerse\data\.minecraft\mods\BloodMagic-1.7.10-1.3.3-17.jar
[14:46:26] [Client thread/WARN]: ResourcePack: ignored non-lowercase namespace: alchemicalwizardryBooks in C:\Users\sethm\Documents\TheVerse\data\.minecraft\mods\BloodMagic-1.7.10-1.3.3-17.jar
[14:46:26] [Client thread/WARN]: ResourcePack: ignored non-lowercase namespace: alchemicalwizardryBooks in C:\Users\sethm\Documents\TheVerse\data\.minecraft\mods\BloodMagic-1.7.10-1.3.3-17.jar
[14:46:26] [Client thread/WARN]: ResourcePack: ignored non-lowercase namespace: alchemicalwizardryBooks in C:\Users\sethm\Documents\TheVerse\data\.minecraft\mods\BloodMagic-1.7.10-1.3.3-17.jar
[14:46:26] [Client thread/WARN]: ResourcePack: ignored non-lowercase namespace: alchemicalwizardryBooks in C:\Users\sethm\Documents\TheVerse\data\.minecraft\mods\BloodMagic-1.7.10-1.3.3-17.jar
[14:46:53] [Sound Library Loader/INFO]: Sound engine started
[14:46:54] [Client thread/INFO]: Created: 16x16 textures/blocks-atlas
[14:46:55] [Client thread/INFO]: Created: 16x16 textures/items-atlas
[14:47:20] [Client thread/INFO]: Reloading ResourceManager: Default, FMLFileResourcePack:Forge Mod Loader, FMLFileResourcePack:Minecraft Forge, FMLFileResourcePack:Not Enough Items, FMLFileResourcePack:Advanced Solar Panels, FMLFileResourcePack:Another One Bites The Dust, FMLFileResourcePack:Applied Energistics 2, FMLFileResourcePack:BD Lib, FMLFileResourcePack:BiblioCraft, FMLFileResourcePack:BiblioWoods Biomes O'Plenty Edition, FMLFileResourcePack:BiblioWoods Forestry Edition, FMLFileResourcePack:BiblioWoods Natura Edition, FMLFileResourcePack:Big Reactors, FMLFileResourcePack:Botany, FMLFileResourcePack:Binnie Core, FMLFileResourcePack:Extra Bees, FMLFileResourcePack:Extra Trees, FMLFileResourcePack:Genetics, FMLFileResourcePack:Biomes O' Plenty, FMLFileResourcePack:Blood Magic: Alchemical Wizardry, FMLFileResourcePack:Botania, FMLFileResourcePack:BC Builders, FMLFileResourcePack:BC Transport, FMLFileResourcePack:BC Energy, FMLFileResourcePack:BC Silicon, FMLFileResourcePack:BC Robotics, FMLFileResourcePack:BuildCraft, FMLFileResourcePack:BC Factory, FMLFileResourcePack:BuildCraft Compat, FMLFileResourcePack:Carpenter's Blocks, FMLFileResourcePack:ChickenChunks, FMLFileResourcePack:Chisel, FMLFileResourcePack:CoFH Core, FMLFileResourcePack:Compact Solar Arrays, FMLFileResourcePack:Custom Main Menu, FMLFileResourcePack:debug, FMLFileResourcePack:Dense Ores, FMLFileResourcePack:EnderCore, FMLFileResourcePack:Ender IO, FMLFileResourcePack:EnderStorage, FMLFileResourcePack:EnderTech, FMLFileResourcePack:Ender Zoo, FMLFileResourcePack:Extra Utilities, FMLFileResourcePack:Factorization Miscellaneous Nonsense, FMLFileResourcePack:Factorization Notification System, FMLFileResourcePack:Factorization Dimensional Slices, FMLFileResourcePack:Factorization, FMLFileResourcePack:FastCraft, FMLFileResourcePack:Flat Signs, FMLFileResourcePack:Forbidden Magic, FMLFileResourcePack:Forestry for Minecraft, FMLFileResourcePack:FTBLib, FMLFileResourcePack:FTBUtilities, FMLFileResourcePack:Funky Locomotion, FMLFileResourcePack:GenDustry, FMLFileResourcePack:Guide-API, FMLFileResourcePack:Hats, FMLFileResourcePack:HatStand, FMLFileResourcePack:HelpFixer, FMLFileResourcePack:Nuclear Control 2, FMLFileResourcePack:iChunUtil, FMLFileResourcePack:In-Game wiki Mod, FMLFileResourcePack:IndustrialCraft 2, FMLFileResourcePack:INpureCore, FMLFileResourcePack:Inventory Tweaks, FMLFileResourcePack:Iron Chest, FMLFileResourcePack:JABBA, FMLFileResourcePack:JourneyMap, FMLFileResourcePack:Logistics Pipes, FMLFileResourcePack:Magic Bees, FMLFileResourcePack:Mantle, FMLFileResourcePack:MineFactory Reloaded, FMLFileResourcePack:MFR Compat: Applied Energistics, FMLFileResourcePack:MFR Compat: BuildCraft, FMLFileResourcePack:MFR Compat: Forestry, FMLFileResourcePack:MFR Compat: ForgeMicroblock, FMLFileResourcePack:MFR Compat: IC2, FMLFileResourcePack:MFR Compat ProjectRed, FMLFileResourcePack:MFR Compat: Railcraft, FMLFileResourcePack:MFR Compat: Thaumcraft, FMLFileResourcePack:MFR Compat: Thermal Expansion, FMLFileResourcePack:MFR Compat: Tinkers' Construct, FMLFileResourcePack:MFR Compat: TwilightForest, FMLFileResourcePack:MFR Compat: Vanilla, FMLFileResourcePack:MineTweaker 3, FMLFileResourcePack:Morpheus, FMLFileResourcePack:Mystcraft, FMLFileResourcePack:Natura, FMLFileResourcePack:NEI Addons, FMLFileResourcePack:NEI Addons: Developer Tools, FMLFileResourcePack:NEI Addons: Applied Energistics 2, FMLFileResourcePack:NEI Addons: Botany, FMLFileResourcePack:NEI Addons: Forestry, FMLFileResourcePack:NEI Addons: Crafting Tables, FMLFileResourcePack:NEI Addons: Ex Nihilo, FMLFileResourcePack:NEI Integration, FMLFileResourcePack:Nether Ores, FMLFileResourcePack:NotEnoughCodecs, FMLFileResourcePack:NotEnoughKeys, FMLFileResourcePack:ObsidiPlates, FMLFileResourcePack:OpenBlocks, FMLFileResourcePack:OpenMods, FMLFileResourcePack:OpenPeripheralAddons, FMLFileResourcePack:OpenPeripheralCore, FMLFileResourcePack:OpenPeripheralIntegration, FMLFileResourcePack:Pam's HarvestCraft, FMLFileResourcePack:PneumaticCraft, FMLFileResourcePack:PortalGun, FMLFileResourcePack:ProjectRed Core, FMLFileResourcePack:ProjectRed Compatibility, FMLFileResourcePack:ProjectRed Integration, FMLFileResourcePack:ProjectRed Transmission, FMLFileResourcePack:ProjectRed Illumination, FMLFileResourcePack:ProjectRed Exploration, FMLFileResourcePack:Railcraft, FMLFileResourcePack:Redstone Arsenal, FMLFileResourcePack:Resource Loader, FMLFileResourcePack:Runic Dungeons, FMLFileResourcePack:Server Sync, FMLFileResourcePack:Solar Expansion, FMLFileResourcePack:Steve's Carts 2, FMLFileResourcePack:Steve's Factory Manager, FMLFileResourcePack:Tinkers' Construct, FMLFileResourcePack:Thaumcraft, FMLFileResourcePack:Thaumic Exploration, FMLFileResourcePack:Thaumic Tinkerer, FMLFileResourcePack:Thermal Dynamics, FMLFileResourcePack:Thermal Expansion, FMLFileResourcePack:Thermal Foundation, FMLFileResourcePack:TiC Tooltips, FMLFileResourcePack:Tinkers' Mechworks, FMLFileResourcePack:Translocator, FMLFileResourcePack:The Twilight Forest, FMLFileResourcePack:Waila, FMLFileResourcePack:Waila Harvestability, FMLFileResourcePack:Witchery, FMLFileResourcePack:WR-CBE Core, FMLFileResourcePack:WR-CBE Addons, FMLFileResourcePack:WR-CBE Logic, FMLFileResourcePack:Baubles, FMLFileResourcePack:Forge Microblocks, FMLFileResourcePack:Forge Multipart, FMLFileResourcePack:Minecraft Multipart Plugin, FMLFileResourcePack:MrTJPCore, PortalGunSounds.pak, CustomResources, FMLFileResourcePack:Carpenter's Blocks Cached Resources, XU_Delegate_Pack, XU_Delegate_Pack, XU_Delegate_Pack, CustomOverridingResources
[14:47:20] [Client thread/WARN]: ResourcePack: ignored non-lowercase namespace: alchemicalwizardryBooks in C:\Users\sethm\Documents\TheVerse\data\.minecraft\mods\BloodMagic-1.7.10-1.3.3-17.jar
[14:47:20] [Client thread/WARN]: ResourcePack: ignored non-lowercase namespace: alchemicalwizardryBooks in C:\Users\sethm\Documents\TheVerse\data\.minecraft\mods\BloodMagic-1.7.10-1.3.3-17.jar
[14:47:20] [Client thread/WARN]: ResourcePack: ignored non-lowercase namespace: alchemicalwizardryBooks in C:\Users\sethm\Documents\TheVerse\data\.minecraft\mods\BloodMagic-1.7.10-1.3.3-17.jar
[14:47:20] [Client thread/WARN]: ResourcePack: ignored non-lowercase namespace: alchemicalwizardryBooks in C:\Users\sethm\Documents\TheVerse\data\.minecraft\mods\BloodMagic-1.7.10-1.3.3-17.jar
[14:47:20] [Client thread/WARN]: ResourcePack: ignored non-lowercase namespace: alchemicalwizardryBooks in C:\Users\sethm\Documents\TheVerse\data\.minecraft\mods\BloodMagic-1.7.10-1.3.3-17.jar
[14:47:20] [Client thread/WARN]: ResourcePack: ignored non-lowercase namespace: alchemicalwizardryBooks in C:\Users\sethm\Documents\TheVerse\data\.minecraft\mods\BloodMagic-1.7.10-1.3.3-17.jar
[14:47:26] [Client thread/INFO]: Created: 4096x2048 textures/blocks-atlas
[14:47:28] [Client thread/INFO]: Created: 2048x2048 textures/items-atlas
[14:47:29] [Sound Library Loader/INFO]: Sound engine started
[14:47:57] [Server thread/INFO]: Starting integrated minecraft server version 1.7.10
[14:47:57] [Server thread/INFO]: Generating keypair
[14:47:59] [Server thread/INFO]: Preparing start region for level 0
[14:48:00] [Server thread/INFO]: Preparing spawn area: 84%
[14:48:01] [Server thread/INFO]: Changing view distance to 12, from 10
[14:48:01] [Server thread/INFO]: SuperZanti[local:E:4f1a710c] logged in with entity id 3127 at (611.5, 69.0, 1015.5)
[14:48:01] [Server thread/INFO]: SuperZanti joined the game
[14:48:01] [Server thread/INFO]: Saving and pausing game...
[14:48:01] [Server thread/INFO]: Saving chunks for level 'TestWorld'/Overworld
[14:48:01] [Client thread/INFO]: [CHAT] Welcome to the server!
[14:48:02] [Server thread/INFO]: Saving chunks for level 'TestWorld'/Nether
[14:48:02] [Server thread/INFO]: Saving chunks for level 'TestWorld'/The End
[14:48:02] [Server thread/INFO]: Saving chunks for level 'TestWorld'/FZHammer
[14:48:02] [Server thread/INFO]: Saving chunks for level 'TestWorld'/Underdark
[14:48:02] [Server thread/INFO]: Saving chunks for level 'TestWorld'/Dungeon
[14:48:02] [Server thread/INFO]: Saving chunks for level 'TestWorld'/Spirit World
[14:48:02] [Server thread/INFO]: Saving chunks for level 'TestWorld'/Torment
[14:48:02] [Server thread/INFO]: Saving chunks for level 'TestWorld'/Mirror
[14:48:02] [Server thread/INFO]: Saving chunks for level 'TestWorld'/The Outer Lands
[14:48:02] [Server thread/INFO]: Saving chunks for level 'TestWorld'/Bedrock
[14:48:02] [Server thread/INFO]: Saving chunks for level 'TestWorld'/The Last Millenium
[14:48:02] [Server thread/INFO]: Saving chunks for level 'TestWorld'/Twilight Forest
[14:48:08] [Client thread/INFO]: [CHAT] codechickencore.update
[14:48:08] [Client thread/INFO]: [CHAT] InvTweaks: Configuration loaded.
[14:48:09] [Server thread/INFO]: Saving and pausing game...
[14:48:09] [Server thread/INFO]: Saving chunks for level 'TestWorld'/Overworld
[14:48:09] [Server thread/INFO]: Saving chunks for level 'TestWorld'/Nether
[14:48:09] [Server thread/INFO]: Saving chunks for level 'TestWorld'/The End
[14:48:09] [Server thread/INFO]: Saving chunks for level 'TestWorld'/FZHammer
[14:48:09] [Server thread/INFO]: Saving chunks for level 'TestWorld'/Underdark
[14:48:09] [Server thread/INFO]: Saving chunks for level 'TestWorld'/Dungeon
[14:48:09] [Server thread/INFO]: Saving chunks for level 'TestWorld'/Spirit World
[14:48:09] [Server thread/INFO]: Saving chunks for level 'TestWorld'/Torment
[14:48:09] [Server thread/INFO]: Saving chunks for level 'TestWorld'/Mirror
[14:48:09] [Server thread/INFO]: Saving chunks for level 'TestWorld'/The Outer Lands
[14:48:09] [Server thread/INFO]: Saving chunks for level 'TestWorld'/Bedrock
[14:48:09] [Server thread/INFO]: Saving chunks for level 'TestWorld'/The Last Millenium
[14:48:09] [Server thread/INFO]: Saving chunks for level 'TestWorld'/Twilight Forest
[14:49:21] [Client thread/INFO]: [CHAT] §eJourneyMap:§f Press [§bJ§f]
[14:49:27] [Client thread/INFO]: [CHAT] A new version of Magic Bees is available: 2.4.3
[14:49:27] [Client thread/INFO]: [CHAT] Click to open the Download page. Hover for update info.
[14:49:31] [Server thread/INFO]: Saving and pausing game...
[14:49:31] [Server thread/INFO]: Saving chunks for level 'TestWorld'/Overworld
[14:49:33] [Server thread/INFO]: Saving chunks for level 'TestWorld'/Nether
[14:49:33] [Server thread/INFO]: Saving chunks for level 'TestWorld'/The End
[14:49:33] [Server thread/INFO]: Saving chunks for level 'TestWorld'/FZHammer
[14:49:33] [Server thread/INFO]: Saving chunks for level 'TestWorld'/Underdark
[14:49:33] [Server thread/INFO]: Saving chunks for level 'TestWorld'/Dungeon
[14:49:33] [Server thread/INFO]: Saving chunks for level 'TestWorld'/Spirit World
[14:49:33] [Server thread/INFO]: Saving chunks for level 'TestWorld'/Torment
[14:49:33] [Server thread/INFO]: Saving chunks for level 'TestWorld'/Mirror
[14:49:33] [Server thread/INFO]: Saving chunks for level 'TestWorld'/The Outer Lands
[14:49:33] [Server thread/INFO]: Saving chunks for level 'TestWorld'/Bedrock
[14:49:33] [Server thread/INFO]: Saving chunks for level 'TestWorld'/The Last Millenium
[14:49:33] [Server thread/INFO]: Saving chunks for level 'TestWorld'/Twilight Forest
[14:49:33] [Server thread/INFO]: Saving chunks for level 'TestWorld'/CONTROL
[14:49:33] [Client thread/INFO]: Stopping!
[14:49:33] [Server thread/INFO]: Stopping server
[14:49:33] [Server thread/INFO]: Saving players
[14:49:33] [Server thread/INFO]: Saving worlds
[14:49:33] [Server thread/INFO]: Saving chunks for level 'TestWorld'/Overworld
[14:49:33] [Server thread/INFO]: Saving chunks for level 'TestWorld'/Nether
[14:49:33] [Server thread/INFO]: Saving chunks for level 'TestWorld'/The End
[14:49:33] [Server thread/INFO]: Saving chunks for level 'TestWorld'/FZHammer
[14:49:33] [Server thread/INFO]: Saving chunks for level 'TestWorld'/Underdark
[14:49:33] [Server thread/INFO]: Saving chunks for level 'TestWorld'/Dungeon
[14:49:33] [Server thread/INFO]: Saving chunks for level 'TestWorld'/Spirit World
[14:49:33] [Server thread/INFO]: Saving chunks for level 'TestWorld'/Torment
[14:49:33] [Server thread/INFO]: Saving chunks for level 'TestWorld'/Mirror
[14:49:33] [Server thread/INFO]: Saving chunks for level 'TestWorld'/The Outer Lands
[14:49:33] [Server thread/INFO]: Saving chunks for level 'TestWorld'/Bedrock
[14:49:33] [Server thread/INFO]: Saving chunks for level 'TestWorld'/The Last Millenium
[14:49:33] [Server thread/INFO]: Saving chunks for level 'TestWorld'/Twilight Forest
[14:49:33] [Client Shutdown Thread/INFO]: Stopping server
[14:49:33] [Client Shutdown Thread/INFO]: Saving players
