[22:15:17] [Client thread/INFO] [JMLogger] JourneyMap log initialized.
[22:15:17] [Client thread/INFO] [JourneyMap] ensureCurrent ENTER
[22:15:17] [Client thread/INFO] [PropertiesBase] Loaded CoreProperties from C:\Users\Seth\Downloads\TheVerse\TheVerse\data\.minecraft\journeymap\config\5.0\journeymap.core.config
[22:15:17] [Client thread/INFO] [PropertiesBase] Loaded FullMapProperties from C:\Users\Seth\Downloads\TheVerse\TheVerse\data\.minecraft\journeymap\config\5.0\journeymap.fullmap.config
[22:15:17] [Client thread/INFO] [PropertiesBase] Loaded MiniMapProperties from C:\Users\Seth\Downloads\TheVerse\TheVerse\data\.minecraft\journeymap\config\5.0\journeymap.minimap.config
[22:15:17] [Client thread/INFO] [PropertiesBase] Loaded MiniMapProperties2 from C:\Users\Seth\Downloads\TheVerse\TheVerse\data\.minecraft\journeymap\config\5.0\journeymap.minimap2.config
[22:15:17] [Client thread/INFO] [PropertiesBase] Loaded WebMapProperties from C:\Users\Seth\Downloads\TheVerse\TheVerse\data\.minecraft\journeymap\config\5.0\journeymap.webmap.config
[22:15:17] [Client thread/INFO] [PropertiesBase] Loaded WaypointProperties from C:\Users\Seth\Downloads\TheVerse\TheVerse\data\.minecraft\journeymap\config\5.0\journeymap.waypoint.config
[22:15:17] [Client thread/INFO] [?] Version: JourneyMap 5.0.1 Unlimited, built with Forge 10.13.0.1208
Forge: 10.13.3.1403
Environment: os.name, os.arch, java.version, user.country, user.language=null, game language=en_US, locale=en_us
Unlimited Features: 
	RadarPlayers : singleplayer = true , multiplayer = true
	RadarAnimals : singleplayer = true , multiplayer = true
	RadarMobs : singleplayer = true , multiplayer = true
	RadarVillagers : singleplayer = true , multiplayer = true
	MapCaves : singleplayer = true , multiplayer = true
MiniMapProperties{entityIconSetName=2D, showAnimals=true, showMobs=true, showPets=true, showPlayers=true, showSelf=true, showVillagers=true, showWaypoints=true, zoomLevel=0, fontScale=2, locationFormat=xzy, locationFormatVerbose=true, showCaves=true, showWaypointLabels=true, showMobHeading=true, showPlayerHeading=true, textureSmall=true, active=true, compassFontScale=1, enabled=true, frameAlpha=80, name=minimap, orientation=North, position=Bottom Right, preferredMapType=day, reticleOrientation=Compass, shape=Rectangle, showBiome=false, showCompass=true, showFps=false, showLocation=false, showReticle=true, sizePercent=23, terrainAlpha=80}
MiniMapProperties2{enabled=true, shape=Rectangle, position=Bottom Right, showFps=false, showBiome=false, showLocation=false, showWaypointLabels=false, sizePercent=24, frameAlpha=70, terrainAlpha=69, orientation=North, compassFontScale=1, showCompass=true, showReticle=true, reticleOrientation=Compass, preferredMapType=day, name=minimap2, id=2}
FullMapProperties{entityIconSetName=2D, showAnimals=true, showMobs=true, showPets=true, showPlayers=true, showSelf=true, showVillagers=true, showWaypoints=true, zoomLevel=0, fontScale=3, locationFormat=xzyv, locationFormatVerbose=true, showCaves=true, showWaypointLabels=true, showMobHeading=true, showPlayerHeading=true, textureSmall=true, preferredMapType=day, showGrid=true}
WaypointProperties{autoHideLabel=true, beaconEnabled=false, boldLabel=false, createDeathpoints=false, fontScale=2, managerEnabled=false, maxDistance=0, name=waypoint, showDistance=true, showName=true, showRotatingBeam=true, showStaticBeam=true, showTexture=true, textureSmall=true}
WebMapProperties: , enabled=false, port=8080, showMobs=true, showAnimals=true, showVillagers=true, showPets=true, showPlayers=true, showWaypoints=true, entityIconSetName=2D
CoreProperties{announceMod=false, autoMapPoll=2000, browserPoll=2000, cacheAnimalsData=3100, cacheMobsData=3000, cachePlayerData=1000, cachePlayersData=2000, cacheVillagersData=2200, caveIgnoreGlass=true, checkUpdates=false, chunkOffset=8, chunkPoll=2000, hideSneakingEntities=false, logLevel=INFO, mapAntialiasing=true, mapBathymetry=false, mapCaveLighting=true, mapCrops=true, mapPlants=true, mapPlantShadows=false, mapSurfaceAboveCaves=true, mapTransparency=true, maxAnimalsData=32, maxMobsData=32, maxPlayersData=32, maxVillagersData=32, optionsManagerUsed=true, radarLateralDistance=64, radarVerticalDistance=16, recordCacheStats=false, renderOverlayEventTypeName=ALL, renderOverlayPreEvent=true, themeName=Victorian}
[22:15:17] [Client thread/INFO] [JourneyMap] ensureCurrent EXIT, elapsed time: 294.27ms
[22:15:20] [Client thread/INFO] [JourneyMap] postInitialize ENTER
[22:15:20] [Client thread/DEBUG] [EventHandlerManager] net.techbrew.journeymap.forgehandler.ChatEventHandler registered in MinecraftForgeBus
[22:15:20] [Client thread/DEBUG] [EventHandlerManager] net.techbrew.journeymap.forgehandler.StateTickHandler registered in FMLCommonHandlerBus
[22:15:20] [Client thread/DEBUG] [EventHandlerManager] net.techbrew.journeymap.forgehandler.WorldEventHandler registered in MinecraftForgeBus
[22:15:20] [Client thread/DEBUG] [EventHandlerManager] net.techbrew.journeymap.forgehandler.ChunkUpdateHandler registered in MinecraftForgeBus
[22:15:20] [Client thread/DEBUG] [EventHandlerManager] net.techbrew.journeymap.forgehandler.WaypointBeaconHandler registered in MinecraftForgeBus
[22:15:20] [Client thread/INFO] [WorldInfoHandler] Registered channel: world_info
[22:15:20] [Client thread/DEBUG] [EventHandlerManager] net.techbrew.journeymap.forgehandler.MiniMapOverlayHandler registered in MinecraftForgeBus
[22:15:20] [Client thread/DEBUG] [EventHandlerManager] net.techbrew.journeymap.forgehandler.KeyEventHandler registered in FMLCommonHandlerBus
[22:15:20] [Client thread/INFO] [IconSetFileHandler] Initializing icon sets...
[22:15:21] [Client thread/TRACE] [ThemeFileHandler] Initializing themes ...
[22:15:21] [Client thread/DEBUG] [PropertiesBase] Saved journeymap.webmap.config
[22:15:21] [Client thread/INFO] [JourneyMap] postInitialize EXIT, elapsed time: 758.57ms
[22:15:38] [Client thread/INFO] [WorldInfoHandler] Requesting World ID
[22:15:44] [Client thread/INFO] [WorldInfoHandler] Requesting World ID
[22:15:44] [Client thread/INFO] [ColorCache] Getting color palette for Resource Pack(s): Default
[22:15:45] [Client thread/WARN] [ColorPalette] Block referenced in Color Palette is not registered: BuildCraft|Builders:buildToolBlock
[22:15:45] [Client thread/WARN] [ColorPalette] Block referenced in Color Palette is not registered: BuildCraft|Energy:engineBlock
[22:15:45] [Client thread/WARN] [ColorPalette] Block referenced in Color Palette is not registered: BuildCraft|Energy:engineBlock
[22:15:45] [Client thread/WARN] [ColorPalette] Block referenced in Color Palette is not registered: headcrumbs:empty
[22:15:45] [Client thread/WARN] [ColorPalette] Block referenced in Color Palette is not registered: BuildCraft|Factory:frameBlock
[22:15:45] [Client thread/WARN] [ColorPalette] Block referenced in Color Palette is not registered: headcrumbs:player
[22:15:45] [Client thread/WARN] [ColorPalette] Block referenced in Color Palette is not registered: BuildCraft|Factory:machineBlock
[22:15:45] [Client thread/WARN] [ColorPalette] Block referenced in Color Palette is not registered: BuildCraft|Energy:engineBlock
[22:15:45] [Client thread/WARN] [ColorPalette] Block referenced in Color Palette is not registered: BuildCraft|Silicon:requester
[22:15:45] [Client thread/WARN] [ColorPalette] Block referenced in Color Palette is not registered: headcrumbs:betterSkull
[22:15:45] [Client thread/WARN] [ColorPalette] Block referenced in Color Palette is not registered: BuildCraft|Energy:engineBlock
[22:15:45] [Client thread/WARN] [ColorPalette] Block referenced in Color Palette is not registered: BuildCraft|Silicon:zonePlan
[22:15:45] [Client thread/INFO] [ColorCache] Color palette loaded 25633 colors in 137ms from file: C:\Users\Seth\Downloads\TheVerse\TheVerse\data\.minecraft\journeymap\colorpalette.json
[22:15:45] [Client thread/INFO] [JourneyMap] Mapping started in C:\Users\Seth\Downloads\TheVerse\TheVerse\data\.minecraft\journeymap\data\mp\Command~Line\DIM0. Memory: 1945MB total, 932MB free 
[22:15:45] [Client thread/INFO] [VersionCheck] Update check disabled in properties file.
[22:15:53] [Client thread/INFO] [JourneyMap] Mapping halted in C:\Users\Seth\Downloads\TheVerse\TheVerse\data\.minecraft\journeymap\data\mp\Command~Line\DIM0
