[10:25:32] [Client thread/INFO] [JMLogger] JourneyMap log initialized.
[10:25:32] [Client thread/INFO] [JourneymapClient] ensureCurrent ENTER
[10:25:33] [Client thread/INFO] [PropertiesBase] Loaded CoreProperties from C:\Users\sethm\Documents\TheVerse\data\.minecraft\journeymap\config\5.1\journeymap.core.config
[10:25:33] [Client thread/INFO] [PropertiesBase] Loaded FullMapProperties from C:\Users\sethm\Documents\TheVerse\data\.minecraft\journeymap\config\5.1\journeymap.fullmap.config
[10:25:33] [Client thread/INFO] [PropertiesBase] Loaded MiniMapProperties from C:\Users\sethm\Documents\TheVerse\data\.minecraft\journeymap\config\5.1\journeymap.minimap.config
[10:25:33] [Client thread/INFO] [PropertiesBase] Loaded MiniMapProperties2 from C:\Users\sethm\Documents\TheVerse\data\.minecraft\journeymap\config\5.1\journeymap.minimap2.config
[10:25:33] [Client thread/INFO] [PropertiesBase] Loaded WebMapProperties from C:\Users\sethm\Documents\TheVerse\data\.minecraft\journeymap\config\5.1\journeymap.webmap.config
[10:25:33] [Client thread/INFO] [PropertiesBase] Loaded WaypointProperties from C:\Users\sethm\Documents\TheVerse\data\.minecraft\journeymap\config\5.1\journeymap.waypoint.config
[10:25:33] [Client thread/INFO] [?] Version: JourneyMap 5.1.3 Unlimited, built with Forge 10.13.4.1558
Forge: 10.13.4.1566
Environment: os.name, os.arch, java.version, user.country, user.language=null, game language=en_US, locale=en_us
Unlimited Features: 
	RadarPlayers : singleplayer = true , multiplayer = true
	RadarAnimals : singleplayer = true , multiplayer = true
	RadarMobs : singleplayer = true , multiplayer = true
	RadarVillagers : singleplayer = true , multiplayer = true
	MapCaves : singleplayer = true , multiplayer = true
MiniMapProperties{entityIconSetName=2D, showAnimals=true, showMobs=true, showPets=true, showPlayers=true, showSelf=true, showVillagers=true, showWaypoints=true, zoomLevel=0, fontScale=1, locationFormat=xzyv, locationFormatVerbose=true, showCaves=false, showWaypointLabels=true, showMobHeading=false, showPlayerHeading=true, textureSmall=true, active=true, compassFontScale=1, enabled=true, frameAlpha=100, name=minimap, orientation=North, position=Top Right, preferredMapType=day, reticleOrientation=Compass, shape=Circle, showBiome=true, showCompass=true, showFps=false, showLocation=true, showReticle=true, sizePercent=30, terrainAlpha=100}
MiniMapProperties2{enabled=true, shape=Rectangle, position=Top Center, showFps=false, showBiome=true, showLocation=true, showWaypointLabels=true, sizePercent=30, frameAlpha=60, terrainAlpha=60, orientation=My Heading, compassFontScale=1, showCompass=true, showReticle=true, reticleOrientation=Compass, preferredMapType=day, name=minimap2, id=2}
FullMapProperties{entityIconSetName=2D, showAnimals=true, showMobs=true, showPets=true, showPlayers=true, showSelf=true, showVillagers=false, showWaypoints=true, zoomLevel=0, fontScale=1, locationFormat=xzyv, locationFormatVerbose=true, showCaves=false, showWaypointLabels=true, showMobHeading=false, showPlayerHeading=true, textureSmall=true, preferredMapType=day, showGrid=true}
WaypointProperties{autoHideLabel=true, beaconEnabled=true, boldLabel=false, createDeathpoints=true, fontScale=2, managerEnabled=true, maxDistance=0, name=waypoint, showDistance=true, showName=true, showRotatingBeam=true, showStaticBeam=true, showTexture=true, textureSmall=true}
WebMapProperties: , enabled=false, port=8080, showMobs=true, showAnimals=true, showVillagers=true, showPets=true, showPlayers=true, showWaypoints=true, entityIconSetName=2D
CoreProperties{announceMod=true, autoMapPoll=2000, browserPoll=2000, cacheAnimalsData=3100, cacheMobsData=3000, cachePlayerData=1000, cachePlayersData=2000, cacheVillagersData=2200, caveIgnoreGlass=true, isUpdateCheckEnabled=false, renderDelay=2, hideSneakingEntities=true, logLevel=INFO, mapAntialiasing=true, mapBathymetry=false, mapCaveLighting=true, mapCrops=true, mapPlants=false, mapPlantShadows=false, mapSurfaceAboveCaves=true, tileHighDisplayQuality=true, mapTransparency=true, maxAnimalsData=32, maxMobsData=32, maxPlayersData=32, maxVillagersData=32, optionsManagerViewed=, radarLateralDistance=64, radarVerticalDistance=16, recordCacheStats=false, renderOverlayEventTypeName=ALL, renderOverlayPreEvent=true, renderDistanceCaveMin=3, renderDistanceCaveMax=3, renderDistanceSurfaceMin=4, renderDistanceSurfaceMax=7, revealShape=Circle, themeName=Victorian, tileRenderType=1}
[10:25:33] [Client thread/INFO] [JourneymapClient] ensureCurrent EXIT, elapsed§8 count §r1§8 avg §r512.11§8ms§r
[10:25:49] [Client thread/INFO] [JourneymapClient] postInitialize ENTER
[10:25:49] [Client thread/DEBUG] [EventHandlerManager] journeymap.client.forge.event.ChatEventHandler registered in MinecraftForgeBus
[10:25:49] [Client thread/DEBUG] [EventHandlerManager] journeymap.client.forge.event.StateTickHandler registered in FMLCommonHandlerBus
[10:25:49] [Client thread/DEBUG] [EventHandlerManager] journeymap.client.forge.event.WorldEventHandler registered in MinecraftForgeBus
[10:25:49] [Client thread/DEBUG] [EventHandlerManager] journeymap.client.forge.event.ChunkUpdateHandler registered in MinecraftForgeBus
[10:25:49] [Client thread/DEBUG] [EventHandlerManager] journeymap.client.forge.event.WaypointBeaconHandler registered in MinecraftForgeBus
[10:25:49] [Client thread/DEBUG] [EventHandlerManager] journeymap.client.forge.event.TextureAtlasHandler registered in MinecraftForgeBus
[10:25:49] [Client thread/INFO] [WorldInfoHandler] Registered channel: world_info
[10:25:49] [Client thread/DEBUG] [EventHandlerManager] journeymap.client.forge.event.MiniMapOverlayHandler registered in MinecraftForgeBus
[10:25:49] [Client thread/DEBUG] [EventHandlerManager] journeymap.client.forge.event.KeyEventHandler registered in FMLCommonHandlerBus
[10:25:49] [Client thread/INFO] [IconSetFileHandler] Initializing icon sets...
[10:25:49] [Client thread/TRACE] [ThemeFileHandler] Initializing themes ...
[10:25:49] [Client thread/DEBUG] [PropertiesBase] Saved journeymap.webmap.config
[10:25:49] [Client thread/INFO] [VersionCheck] Update check disabled in properties file.
[10:25:49] [Client thread/INFO] [JourneymapClient] postInitialize EXIT, elapsed§8 count §r1§8 avg §r373.61§8ms§r
[10:26:07] [Client thread/INFO] [ColorManager] Loading blocks and textures...
[10:26:07] [Client thread/INFO] [ModBlockDelegate] Registered IModBlockHandler journeymap.client.model.mod.CarpentersBlocks$CommonHandler for: 'BlockMD [CarpentersBlocks:blockCarpentersBlock:0] (SpecialHandling)'.
[10:26:07] [Client thread/INFO] [ModBlockDelegate] Registered IModBlockHandler journeymap.client.model.mod.CarpentersBlocks$CommonHandler for: 'BlockMD [CarpentersBlocks:blockCarpentersBarrier:0] (SpecialHandling)'.
[10:26:07] [Client thread/INFO] [ModBlockDelegate] Registered IModBlockHandler journeymap.client.model.mod.CarpentersBlocks$CommonHandler for: 'BlockMD [CarpentersBlocks:blockCarpentersBed:0] (SpecialHandling)'.
[10:26:07] [Client thread/INFO] [ModBlockDelegate] Registered IModBlockHandler journeymap.client.model.mod.CarpentersBlocks$CommonHandler for: 'BlockMD [CarpentersBlocks:blockCarpentersButton:0] (SpecialHandling)'.
[10:26:07] [Client thread/INFO] [ModBlockDelegate] Registered IModBlockHandler journeymap.client.model.mod.CarpentersBlocks$CommonHandler for: 'BlockMD [CarpentersBlocks:blockCarpentersCollapsibleBlock:0] (SpecialHandling)'.
[10:26:07] [Client thread/INFO] [ModBlockDelegate] Registered IModBlockHandler journeymap.client.model.mod.CarpentersBlocks$CommonHandler for: 'BlockMD [CarpentersBlocks:blockCarpentersDaylightSensor:0] (SpecialHandling)'.
[10:26:07] [Client thread/INFO] [ModBlockDelegate] Registered IModBlockHandler journeymap.client.model.mod.CarpentersBlocks$CommonHandler for: 'BlockMD [CarpentersBlocks:blockCarpentersDoor:0] (SpecialHandling)'.
[10:26:07] [Client thread/INFO] [ModBlockDelegate] Registered IModBlockHandler journeymap.client.model.mod.CarpentersBlocks$CommonHandler for: 'BlockMD [CarpentersBlocks:blockCarpentersFlowerPot:0] (SpecialHandling)'.
[10:26:07] [Client thread/INFO] [ModBlockDelegate] Registered IModBlockHandler journeymap.client.model.mod.CarpentersBlocks$CommonHandler for: 'BlockMD [CarpentersBlocks:blockCarpentersGarageDoor:0] (SpecialHandling)'.
[10:26:07] [Client thread/INFO] [ModBlockDelegate] Registered IModBlockHandler journeymap.client.model.mod.CarpentersBlocks$CommonHandler for: 'BlockMD [CarpentersBlocks:blockCarpentersGate:0] (SpecialHandling)'.
[10:26:07] [Client thread/INFO] [ModBlockDelegate] Registered IModBlockHandler journeymap.client.model.mod.CarpentersBlocks$CommonHandler for: 'BlockMD [CarpentersBlocks:blockCarpentersHatch:0] (SpecialHandling)'.
[10:26:07] [Client thread/INFO] [ModBlockDelegate] Registered IModBlockHandler journeymap.client.model.mod.CarpentersBlocks$CommonHandler for: 'BlockMD [CarpentersBlocks:blockCarpentersLadder:0] (OpenToSky,SpecialHandling)'.
[10:26:07] [Client thread/INFO] [ModBlockDelegate] Registered IModBlockHandler journeymap.client.model.mod.CarpentersBlocks$CommonHandler for: 'BlockMD [CarpentersBlocks:blockCarpentersLever:0] (SpecialHandling)'.
[10:26:07] [Client thread/INFO] [ModBlockDelegate] Registered IModBlockHandler journeymap.client.model.mod.CarpentersBlocks$CommonHandler for: 'BlockMD [CarpentersBlocks:blockCarpentersPressurePlate:0] (SpecialHandling)'.
[10:26:07] [Client thread/INFO] [ModBlockDelegate] Registered IModBlockHandler journeymap.client.model.mod.CarpentersBlocks$CommonHandler for: 'BlockMD [CarpentersBlocks:blockCarpentersSafe:0] (SpecialHandling)'.
[10:26:07] [Client thread/INFO] [ModBlockDelegate] Registered IModBlockHandler journeymap.client.model.mod.CarpentersBlocks$CommonHandler for: 'BlockMD [CarpentersBlocks:blockCarpentersSlope:0] (SpecialHandling)'.
[10:26:07] [Client thread/INFO] [ModBlockDelegate] Registered IModBlockHandler journeymap.client.model.mod.CarpentersBlocks$CommonHandler for: 'BlockMD [CarpentersBlocks:blockCarpentersSlope:1] (SpecialHandling)'.
[10:26:07] [Client thread/INFO] [ModBlockDelegate] Registered IModBlockHandler journeymap.client.model.mod.CarpentersBlocks$CommonHandler for: 'BlockMD [CarpentersBlocks:blockCarpentersSlope:2] (SpecialHandling)'.
[10:26:07] [Client thread/INFO] [ModBlockDelegate] Registered IModBlockHandler journeymap.client.model.mod.CarpentersBlocks$CommonHandler for: 'BlockMD [CarpentersBlocks:blockCarpentersSlope:3] (SpecialHandling)'.
[10:26:07] [Client thread/INFO] [ModBlockDelegate] Registered IModBlockHandler journeymap.client.model.mod.CarpentersBlocks$CommonHandler for: 'BlockMD [CarpentersBlocks:blockCarpentersSlope:4] (SpecialHandling)'.
[10:26:07] [Client thread/INFO] [ModBlockDelegate] Registered IModBlockHandler journeymap.client.model.mod.CarpentersBlocks$CommonHandler for: 'BlockMD [CarpentersBlocks:blockCarpentersStairs:0] (SpecialHandling)'.
[10:26:07] [Client thread/WARN] [BlockMD] Can't find UID for block powercrystals.netherores.world.BlockHellfish@206f3e43
[10:26:08] [Client thread/INFO] [BlockMD] Built BlockMD cache (8761) : BlockMD.reset count 1 avg 85.76ms
[10:26:08] [Client thread/INFO] [ColorHelper_1_7_10] initBlocksTexture: 4096x2048 loaded in 145.376309ms
[10:26:08] [Client thread/INFO] [ColorPalette] Existing color palette's resource packs and mod names match current loadout.
[10:26:08] [Client thread/INFO] [ColorManager] Loaded 7551 block colors from color palette file in 22ms: C:\Users\sethm\Documents\TheVerse\data\.minecraft\journeymap\colorpalette.json
[10:26:08] [Client thread/WARN] [BlockMD] Can't find UID for block powercrystals.netherores.world.BlockHellfish@206f3e43
[10:26:08] [Client thread/INFO] [ColorManager] Initialized 109 block colors from mods and resource packs in 24ms
[10:26:08] [Client thread/WARN] [BlockMD] Can't find UID for block powercrystals.netherores.world.BlockHellfish@206f3e43
[10:26:08] [Client thread/WARN] [ColorPalette] Block with Error flag won't be saved to color palette: BlockMD [Thaumcraft:blockAiry:0] (Transparency,Error)
[10:26:08] [Client thread/WARN] [ColorPalette] Block with Error flag won't be saved to color palette: BlockMD [AWWayofTime:spectralContainer:0] (Transparency,Error)
[10:26:08] [Client thread/WARN] [ColorPalette] Block with Error flag won't be saved to color palette: BlockMD [CarpentersBlocks:blockCarpentersHatch:0] (Transparency,Error,SpecialHandling)
[10:26:08] [Client thread/WARN] [ColorPalette] Block with Error flag won't be saved to color palette: BlockMD [ThaumicExploration:thinkTankJar:0] (OpenToSky,Transparency,Error,TransparentRoof)
[10:26:08] [Client thread/WARN] [ColorPalette] Block with Error flag won't be saved to color palette: BlockMD [Thaumcraft:blockEldritchNothing:0] (Transparency,Error)
[10:26:08] [Client thread/WARN] [ColorPalette] Block with Error flag won't be saved to color palette: BlockMD [Thaumcraft:blockPortalEldritch:0] (Transparency,Error)
[10:26:08] [Client thread/WARN] [ColorPalette] Block with Error flag won't be saved to color palette: BlockMD [CarpentersBlocks:blockCarpentersGarageDoor:0] (Transparency,Error,SpecialHandling)
[10:26:08] [Client thread/WARN] [ColorPalette] Block with Error flag won't be saved to color palette: BlockMD [witchery:force:0] (Transparency,Error)
[10:26:08] [Client thread/WARN] [ColorPalette] Block with Error flag won't be saved to color palette: BlockMD [CarpentersBlocks:blockCarpentersStairs:0] (Transparency,Error,SpecialHandling)
[10:26:08] [Client thread/WARN] [ColorPalette] Block with Error flag won't be saved to color palette: BlockMD [CarpentersBlocks:blockCarpentersBed:0] (Transparency,Error,SpecialHandling)
[10:26:08] [Client thread/WARN] [ColorPalette] Block with Error flag won't be saved to color palette: BlockMD [CarpentersBlocks:blockCarpentersSafe:0] (Transparency,Error,SpecialHandling)
[10:26:08] [Client thread/WARN] [ColorPalette] Block with Error flag won't be saved to color palette: BlockMD [CarpentersBlocks:blockCarpentersBlock:0] (Transparency,Error,SpecialHandling)
[10:26:08] [Client thread/WARN] [ColorPalette] Block with Error flag won't be saved to color palette: BlockMD [AWWayofTime:bloodLight:0] (Transparency,Error)
[10:26:08] [Client thread/WARN] [ColorPalette] Block with Error flag won't be saved to color palette: BlockMD [CarpentersBlocks:blockCarpentersSlope:3] (Transparency,Error,SpecialHandling)
[10:26:08] [Client thread/WARN] [ColorPalette] Block with Error flag won't be saved to color palette: BlockMD [CarpentersBlocks:blockCarpentersSlope:4] (Transparency,Error,SpecialHandling)
[10:26:08] [Client thread/WARN] [ColorPalette] Block with Error flag won't be saved to color palette: BlockMD [CarpentersBlocks:blockCarpentersSlope:0] (Transparency,Error,SpecialHandling)
[10:26:08] [Client thread/WARN] [ColorPalette] Block with Error flag won't be saved to color palette: BlockMD [CarpentersBlocks:blockCarpentersSlope:1] (Transparency,Error,SpecialHandling)
[10:26:08] [Client thread/WARN] [ColorPalette] Block with Error flag won't be saved to color palette: BlockMD [CarpentersBlocks:blockCarpentersSlope:2] (Transparency,Error,SpecialHandling)
[10:26:08] [Client thread/WARN] [ColorPalette] Block with Error flag won't be saved to color palette: BlockMD [Thaumcraft:blockWarded:0] (Transparency,Error)
[10:26:08] [Client thread/WARN] [ColorPalette] Block with Error flag won't be saved to color palette: BlockMD [CarpentersBlocks:blockCarpentersLadder:0] (OpenToSky,Transparency,Error,SpecialHandling)
[10:26:08] [Client thread/WARN] [ColorPalette] Block with Error flag won't be saved to color palette: BlockMD [ForgeMultipart:block:0] (Transparency,Error)
[10:26:08] [Client thread/WARN] [ColorPalette] Block with Error flag won't be saved to color palette: BlockMD [CarpentersBlocks:blockCarpentersDaylightSensor:0] (Transparency,Error,SpecialHandling)
[10:26:08] [Client thread/WARN] [ColorPalette] Block with Error flag won't be saved to color palette: BlockMD [CarpentersBlocks:blockCarpentersCollapsibleBlock:0] (Transparency,Error,SpecialHandling)
[10:26:08] [Client thread/WARN] [ColorPalette] Block with Error flag won't be saved to color palette: BlockMD [chisel:glass_pane:4] (OpenToSky,Transparency,Error,TransparentRoof)
[10:26:08] [Client thread/WARN] [ColorPalette] Block with Error flag won't be saved to color palette: BlockMD [CarpentersBlocks:blockCarpentersGate:0] (Transparency,Error,SpecialHandling)
[10:26:08] [Client thread/WARN] [ColorPalette] Block with Error flag won't be saved to color palette: BlockMD [EnderIO:blockFusedQuartz:1] (OpenToSky,Transparency,Error,TransparentRoof)
[10:26:08] [Client thread/WARN] [ColorPalette] Block with Error flag won't be saved to color palette: BlockMD [EnderIO:blockFusedQuartz:3] (OpenToSky,Transparency,Error,TransparentRoof)
[10:26:08] [Client thread/WARN] [ColorPalette] Block with Error flag won't be saved to color palette: BlockMD [factorization:Lightair:0] (HasAir,OpenToSky,NoShadow,Transparency,Error)
[10:26:08] [Client thread/WARN] [ColorPalette] Block with Error flag won't be saved to color palette: BlockMD [CarpentersBlocks:blockCarpentersBarrier:0] (Transparency,Error,SpecialHandling)
[10:26:08] [Client thread/WARN] [ColorPalette] Block with Error flag won't be saved to color palette: BlockMD [CarpentersBlocks:blockCarpentersButton:0] (Transparency,Error,SpecialHandling)
[10:26:08] [Client thread/WARN] [ColorPalette] Block with Error flag won't be saved to color palette: BlockMD [EnderIO:blockFusedQuartz:5] (OpenToSky,Transparency,Error,TransparentRoof)
[10:26:08] [Client thread/WARN] [ColorPalette] Block with Error flag won't be saved to color palette: BlockMD [CarpentersBlocks:blockCarpentersPressurePlate:0] (Transparency,Error,SpecialHandling)
[10:26:08] [Client thread/WARN] [ColorPalette] Block with Error flag won't be saved to color palette: BlockMD [CarpentersBlocks:blockCarpentersDoor:0] (Transparency,Error,SpecialHandling)
[10:26:08] [Client thread/WARN] [ColorPalette] Block with Error flag won't be saved to color palette: BlockMD [TwilightForest:tile.HugeLilyPad:0] (NoShadow,Transparency,Error,Plant,NoTopo)
[10:26:08] [Client thread/WARN] [ColorPalette] Block with Error flag won't be saved to color palette: BlockMD [Botania:buriedPetals:0] (NoShadow,Transparency,Error,Plant,NoTopo)
[10:26:08] [Client thread/WARN] [ColorPalette] Block with Error flag won't be saved to color palette: BlockMD [Botania:buriedPetals:2] (NoShadow,Transparency,Error,Plant,NoTopo)
[10:26:08] [Client thread/WARN] [ColorPalette] Block with Error flag won't be saved to color palette: BlockMD [Botania:buriedPetals:1] (NoShadow,Transparency,Error,Plant,NoTopo)
[10:26:08] [Client thread/WARN] [ColorPalette] Block with Error flag won't be saved to color palette: BlockMD [Botania:buriedPetals:4] (NoShadow,Transparency,Error,Plant,NoTopo)
[10:26:08] [Client thread/WARN] [ColorPalette] Block with Error flag won't be saved to color palette: BlockMD [Botania:buriedPetals:3] (NoShadow,Transparency,Error,Plant,NoTopo)
[10:26:08] [Client thread/WARN] [ColorPalette] Block with Error flag won't be saved to color palette: BlockMD [Botania:buriedPetals:6] (NoShadow,Transparency,Error,Plant,NoTopo)
[10:26:08] [Client thread/WARN] [ColorPalette] Block with Error flag won't be saved to color palette: BlockMD [Botania:buriedPetals:5] (NoShadow,Transparency,Error,Plant,NoTopo)
[10:26:08] [Client thread/WARN] [ColorPalette] Block with Error flag won't be saved to color palette: BlockMD [Botania:buriedPetals:8] (NoShadow,Transparency,Error,Plant,NoTopo)
[10:26:08] [Client thread/WARN] [ColorPalette] Block with Error flag won't be saved to color palette: BlockMD [Botania:buriedPetals:7] (NoShadow,Transparency,Error,Plant,NoTopo)
[10:26:08] [Client thread/WARN] [ColorPalette] Block with Error flag won't be saved to color palette: BlockMD [Botania:buriedPetals:10] (NoShadow,Transparency,Error,Plant,NoTopo)
[10:26:08] [Client thread/WARN] [ColorPalette] Block with Error flag won't be saved to color palette: BlockMD [Botania:buriedPetals:9] (NoShadow,Transparency,Error,Plant,NoTopo)
[10:26:08] [Client thread/WARN] [ColorPalette] Block with Error flag won't be saved to color palette: BlockMD [Botania:buriedPetals:12] (NoShadow,Transparency,Error,Plant,NoTopo)
[10:26:08] [Client thread/WARN] [ColorPalette] Block with Error flag won't be saved to color palette: BlockMD [Botania:buriedPetals:11] (NoShadow,Transparency,Error,Plant,NoTopo)
[10:26:08] [Client thread/WARN] [ColorPalette] Block with Error flag won't be saved to color palette: BlockMD [Botania:buriedPetals:14] (NoShadow,Transparency,Error,Plant,NoTopo)
[10:26:08] [Client thread/WARN] [ColorPalette] Block with Error flag won't be saved to color palette: BlockMD [Botania:buriedPetals:13] (NoShadow,Transparency,Error,Plant,NoTopo)
[10:26:08] [Client thread/WARN] [ColorPalette] Block with Error flag won't be saved to color palette: BlockMD [Botania:buriedPetals:15] (NoShadow,Transparency,Error,Plant,NoTopo)
[10:26:08] [Client thread/INFO] [ColorPalette] Color palette file generated with 7551 colors in 116ms for: C:\Users\sethm\Documents\TheVerse\data\.minecraft\journeymap\colorpalette.json
[10:26:08] [Client thread/INFO] [ColorManager] Updated color palette file: C:\Users\sethm\Documents\TheVerse\data\.minecraft\journeymap\colorpalette.json
[10:26:55] [Client thread/INFO] [WaypointStore] Loaded 1 waypoints from C:\Users\sethm\Documents\TheVerse\data\.minecraft\journeymap\data\sp\TestWorld\waypoints
[10:26:55] [Client thread/INFO] [ColorManager] Blocks and textures are current
[10:26:55] [Client thread/INFO] [JourneymapClient] Mapping started in C:\Users\sethm\Documents\TheVerse\data\.minecraft\journeymap\data\sp\TestWorld\DIM0. Memory: 2094MB total, 945MB free 
[10:27:17] [Client thread/INFO] [ChatLog] JourneyMap: Press [J]
[10:27:25] [Client thread/INFO] [JourneymapClient] Mapping halted in C:\Users\sethm\Documents\TheVerse\data\.minecraft\journeymap\data\sp\TestWorld\DIM0
